<?xml version="1.0" encoding="UTF-8"?>
<testsuite name="VideoGameDBTests" tests="1" skipped="0" failures="0" errors="0" timestamp="2020-08-31T13:45:55" hostname="lperetyatko.local" time="0.742">
  <properties/>
  <testcase name="createNewGameByJson" classname="VideoGameDBTests" time="0.742"/>
  <system-out><![CDATA[Request method:	POST
Request URI:	http://localhost:8080/app/videogames
Proxy:			<none>
Request params:	<none>
Query params:	<none>
Form params:	<none>
Path params:	<none>
Headers:		Accept=application/json
				Content-Type=application/json; charset=UTF-8
Cookies:		<none>
Multiparts:		<none>
Body:
{
    "id": 11,
    "name": "MyNewGame",
    "reviewScore": 88,
    "category": "Shooter",
    "rating": "Mature"
}
HTTP/1.1 200 
Content-Type: application/json
Content-Length: 39
Date: Mon, 31 Aug 2020 13:45:56 GMT

{
    "status": "Record Added Successfully"
}
]]></system-out>
  <system-err><![CDATA[]]></system-err>
</testsuite>
