<?xml version="1.0" encoding="UTF-8"?>
<testsuite name="VideoGameDBTests" tests="1" skipped="0" failures="0" errors="0" timestamp="2020-09-08T10:25:03" hostname="lperetyatko" time="1.136">
  <properties/>
  <testcase name="testVideoGameSerializationByJSON" classname="VideoGameDBTests" time="1.136"/>
  <system-out><![CDATA[Request method:	POST
Request URI:	http://localhost:8080/app/videogames
Proxy:			<none>
Request params:	<none>
Query params:	<none>
Form params:	<none>
Path params:	<none>
Headers:		Accept=application/json
				Content-Type=application/json; charset=UTF-8
Cookies:		<none>
Multiparts:		<none>
Body:
{
    "reviewScore": "99",
    "releaseDate": "2018-04-04",
    "name": "Newcastle",
    "rating": "Mature",
    "id": "15",
    "category": "Shooter"
}
HTTP/1.1 200 
Content-Type: application/json
Content-Length: 39
Date: Tue, 08 Sep 2020 10:25:04 GMT

{
    "status": "Record Added Successfully"
}
ClassPojo [reviewScore = 99, releaseDate = 2018-04-04, name = Newcastle, rating = Mature, id = 15, category = Shooter]
]]></system-out>
  <system-err><![CDATA[]]></system-err>
</testsuite>
